<?xml version="1.0"?>

<component name="org.nuxeo.ecm/platform.documentlink.coreListener.test" version="1.0.0">

  <extension target="org.nuxeo.ecm.core.listener.CoreEventListenerService"
    point="listener">
    <listener name="documentLinkCoreListener"
      class="org.nuxeo.ecm.platform.documentlink.tests.corelistener.DocumentLinkListener"
      order="3" />
  </extension>

</component>


