<?xml version="1.0"?>
<component
	name="org.nuxeo.ecm.platform.documentrepository.service.DocumentRepositoryConfigurationService.testContrib">

	<extension
		target="org.nuxeo.ecm.platform.documentrepository.service.DocumentRepositoryConfigurationService"
		point="repositoryPlugin">

		<repositoryPlugin name="test2" class="org.nuxeo.ecm.platform.documentrepository.service.plugin.base.SampleDocumentRepositoryPlugin">
			<parameters>
			  <parameter name="RepositorySubPathNumber">6</parameter>
			  <parameter name="RepositorySubPathLen">1</parameter>
			</parameters>
		</repositoryPlugin>

	</extension>

</component>